

       SELECT KNAME1 FROM VOS_ORDER 


       SELECT KNAME1 FROM VOS_ORDER 


       SELECT VBELN, VBELN_SEQ, KUNNR, KNAME1,KUNN2, KNAME2, VDATU, INFORM, MATNR, MAKTX, KWMENGE, VRKME, EMP_NO, REGDATE FROM VOS_ORDER 


       SELECT VBELN, VBELN_SEQ, KUNNR, KNAME1,KUNN2, KNAME2, VDATU, INFORM, MATNR, MAKTX, KWMENGE, VRKME, EMP_NO, REGDATE FROM VOS_ORDER 


       SELECT VBELN, VBELN_SEQ, KUNNR, KNAME1,KUNN2, KNAME2, VDATU, INFORM, MATNR, MAKTX, KWMENGE, VRKME, EMP_NO, REGDATE FROM VOS_ORDER 


       SELECT VBELN, VBELN_SEQ, KUNNR, KNAME1,KUNN2, KNAME2, VDATU, INFORM, MATNR, MAKTX, KWMENGE, VRKME, EMP_NO, REGDATE FROM VOS_ORDER 


       SELECT VBELN, VBELN_SEQ, KUNNR, KNAME1,KUNN2, KNAME2, VDATU, INFORM, MATNR, MAKTX, KWMENGE, VRKME, EMP_NO, REGDATE FROM VOS_ORDER 


       SELECT VBELN, VBELN_SEQ, KUNNR, KNAME1,KUNN2, KNAME2, VDATU, INFORM, MATNR, MAKTX, KWMENGE, VRKME, EMP_NO, REGDATE FROM VOS_ORDER 


       SELECT VBELN, VBELN_SEQ, KUNNR, KNAME1,KUNN2, KNAME2, VDATU, INFORM, MATNR, MAKTX, KWMENGE, VRKME, EMP_NO, REGDATE FROM VOS_ORDER 


       SELECT VBELN, VBELN_SEQ, KUNNR, KNAME1,KUNN2, KNAME2, VDATU, INFORM, MATNR, MAKTX, KWMENGE, VRKME, EMP_NO, REGDATE FROM VOS_ORDER 


       SELECT VBELN, VBELN_SEQ, KUNNR, KNAME1,KUNN2, KNAME2, VDATU, INFORM, MATNR, MAKTX, KWMENGE, VRKME, EMP_NO, REGDATE FROM VOS_ORDER 


       SELECT VBELN, VBELN_SEQ, KUNNR, KNAME1,KUNN2, KNAME2, VDATU, INFORM, MATNR, MAKTX, KWMENGE, VRKME, EMP_NO, REGDATE FROM VOS_ORDER 


       SELECT VBELN, ISNULL(VBELN_SEQ,'') AS VBELN_SEQ, KUNNR, KNAME1,KUNN2, KNAME2, VDATU, ISNULL(INFORM,'') AS INFORM, MATNR, MAKTX, KWMENGE, VRKME, EMP_NO, ISNULL(REGDATE,'') FROM VOS_ORDER 


       SELECT VBELN, ISNULL(VBELN_SEQ,'') AS VBELN_SEQ, KUNNR, KNAME1,KUNN2, KNAME2, VDATU, ISNULL(INFORM,'') AS INFORM, MATNR, MAKTX, KWMENGE, VRKME, ISNULL(EMP_NO,'') AS EMP_NO, ISNULL(REGDATE,'') FROM VOS_ORDER 


       SELECT VBELN, ISNULL(VBELN_SEQ,'') AS VBELN_SEQ, KUNNR, KNAME1,KUNN2, KNAME2, VDATU, ISNULL(INFORM,'') AS INFORM, MATNR, MAKTX, KWMENGE, VRKME, ISNULL(EMP_NO,'') AS EMP_NO, ISNULL(REGDATE,'') AS REGDATE FROM VOS_ORDER 


       SELECT VBELN, ISNULL(VBELN_SEQ,' ') AS VBELN_SEQ, KUNNR, KNAME1,KUNN2, KNAME2, VDATU, ISNULL(INFORM,' ') AS INFORM, MATNR, MAKTX, KWMENGE, VRKME, ISNULL(EMP_NO,' ') AS EMP_NO, ISNULL(REGDATE,' ') AS REGDATE FROM VOS_ORDER 


       SELECT VBELN, ISNULL(VBELN_SEQ,' ') AS VBELN_SEQ, KUNNR, KNAME1,KUNN2, KNAME2, VDATU, ISNULL(INFORM,' ') AS INFORM, MATNR, MAKTX, KWMENGE, VRKME, ISNULL(EMP_NO,' ') AS EMP_NO, ISNULL(REGDATE,' ') AS REGDATE FROM VOS_ORDER 


       SELECT VBELN, ISNULL(VBELN_SEQ,' ') AS VBELN_SEQ, KUNNR, KNAME1,KUNN2, KNAME2, VDATU, ISNULL(INFORM,' ') AS INFORM, MATNR, MAKTX, KWMENGE, VRKME, ISNULL(EMP_NO,' ') AS EMP_NO, ISNULL(REGDATE,' ') AS REGDATE FROM VOS_ORDER 


       SELECT VBELN, ISNULL(VBELN_SEQ,' ') AS VBELN_SEQ, KUNNR, KNAME1,KUNN2, KNAME2, VDATU, ISNULL(INFORM,' ') AS INFORM, MATNR, MAKTX, KWMENGE, VRKME, ISNULL(EMP_NO,' ') AS EMP_NO, ISNULL(REGDATE,' ') AS REGDATE FROM VOS_ORDER 


       SELECT VBELN, ISNULL(VBELN_SEQ,' ') AS VBELN_SEQ, KUNNR, KNAME1,KUNN2, KNAME2, VDATU, ISNULL(INFORM,' ') AS INFORM, MATNR, MAKTX, KWMENGE, VRKME, ISNULL(EMP_NO,' ') AS EMP_NO, ISNULL(REGDATE,' ') AS REGDATE FROM VOS_ORDER 


       SELECT VBELN, ISNULL(VBELN_SEQ,' ') AS VBELN_SEQ, KUNNR, KNAME1,KUNN2, KNAME2, VDATU, ISNULL(INFORM,' ') AS INFORM, MATNR, MAKTX, KWMENGE, VRKME, ISNULL(EMP_NO,' ') AS EMP_NO, ISNULL(REGDATE,' ') AS REGDATE FROM VOS_ORDER 


       SELECT VBELN, ISNULL(VBELN_SEQ,' ') AS VBELN_SEQ, KUNNR, KNAME1,KUNN2, KNAME2, VDATU, ISNULL(INFORM,' ') AS INFORM, MATNR, MAKTX, KWMENGE, VRKME, ISNULL(EMP_NO,' ') AS EMP_NO, ISNULL(REGDATE,' ') AS REGDATE FROM VOS_ORDER 


       SELECT VBELN, ISNULL(VBELN_SEQ,' ') AS VBELN_SEQ, KUNNR, KNAME1,KUNN2, KNAME2, VDATU, ISNULL(INFORM,' ') AS INFORM, MATNR, MAKTX, KWMENGE, VRKME, ISNULL(EMP_NO,' ') AS EMP_NO, ISNULL(REGDATE,' ') AS REGDATE FROM VOS_ORDER 


       SELECT VBELN, ISNULL(VBELN_SEQ,' ') AS VBELN_SEQ, KUNNR, KNAME1,KUNN2, KNAME2, VDATU, ISNULL(INFORM,' ') AS INFORM, MATNR, MAKTX, KWMENGE, VRKME, ISNULL(EMP_NO,' ') AS EMP_NO, ISNULL(REGDATE,' ') AS REGDATE FROM VOS_ORDER 


       SELECT VBELN, ISNULL(VBELN_SEQ,' ') AS VBELN_SEQ, KUNNR, KNAME1,KUNN2, KNAME2, VDATU, ISNULL(INFORM,' ') AS INFORM, MATNR, MAKTX, KWMENGE, VRKME, ISNULL(EMP_NO,' ') AS EMP_NO, ISNULL(REGDATE,' ') AS REGDATE FROM VOS_ORDER 


       SELECT VBELN, ISNULL(VBELN_SEQ,' ') AS VBELN_SEQ, KUNNR, KNAME1,KUNN2, KNAME2, VDATU, ISNULL(INFORM,' ') AS INFORM, MATNR, MAKTX, KWMENGE, VRKME, ISNULL(EMP_NO,' ') AS EMP_NO, ISNULL(REGDATE,' ') AS REGDATE FROM VOS_ORDER 


       SELECT VBELN, ISNULL(VBELN_SEQ,' ') AS VBELN_SEQ, KUNNR, KNAME1,KUNN2, KNAME2, VDATU, ISNULL(INFORM,' ') AS INFORM, MATNR, MAKTX, KWMENGE, VRKME, ISNULL(EMP_NO,' ') AS EMP_NO, ISNULL(REGDATE,' ') AS REGDATE FROM VOS_ORDER 


       SELECT VBELN, ISNULL(VBELN_SEQ,' ') AS VBELN_SEQ, KUNNR, KNAME1,KUNN2, KNAME2, VDATU, ISNULL(INFORM,' ') AS INFORM, MATNR, MAKTX, KWMENGE, VRKME, ISNULL(EMP_NO,' ') AS EMP_NO, ISNULL(REGDATE,' ') AS REGDATE FROM VOS_ORDER 


       SELECT VBELN, ISNULL(VBELN_SEQ,' ') AS VBELN_SEQ, KUNNR, KNAME1,KUNN2, KNAME2, VDATU, ISNULL(INFORM,' ') AS INFORM, MATNR, MAKTX, KWMENGE, VRKME, ISNULL(EMP_NO,' ') AS EMP_NO, ISNULL(REGDATE,' ') AS REGDATE FROM VOS_ORDER 


       SELECT ISNULL(VBELN,' '), ISNULL(VBELN_SEQ,' ') AS VBELN_SEQ, KUNNR, KNAME1,KUNN2, KNAME2, VDATU, ISNULL(REPLACE(INFORM,'', ' '),' ') AS INFORM, MATNR, MAKTX, KWMENGE, VRKME, ISNULL(EMP_NO,' ') AS EMP_NO, ISNULL(REGDATE,' ') AS REGDATE FROM VOS_ORDER 


       SELECT ISNULL(VBELN,' ') AS VBELN, ISNULL(VBELN_SEQ,' ') AS VBELN_SEQ, KUNNR, KNAME1,KUNN2, KNAME2, VDATU, ISNULL(REPLACE(INFORM,'', ' '),' ') AS INFORM, MATNR, MAKTX, KWMENGE, VRKME, ISNULL(EMP_NO,' ') AS EMP_NO, ISNULL(REGDATE,' ') AS REGDATE FROM VOS_ORDER 


       SELECT ISNULL(VBELN,' ') AS VBELN, ISNULL(VBELN_SEQ,' ') AS VBELN_SEQ, KUNNR, KNAME1,KUNN2, KNAME2, VDATU, ISNULL(REPLACE(INFORM,'', ' '),' ') AS INFORM, MATNR, MAKTX, KWMENGE, VRKME, ISNULL(EMP_NO,' ') AS EMP_NO, ISNULL(REGDATE,' ') AS REGDATE FROM VOS_ORDER 


       SELECT ISNULL(VBELN,' ') AS VBELN, ISNULL(VBELN_SEQ,' ') AS VBELN_SEQ, KUNNR, KNAME1,KUNN2, KNAME2, VDATU, ISNULL(REPLACE(INFORM,'', ' '),' ') AS INFORM, MATNR, MAKTX, KWMENGE, VRKME, ISNULL(EMP_NO,' ') AS EMP_NO, ISNULL(REGDATE,' ') AS REGDATE FROM VOS_ORDER 
